24-Sep-2020 10:26:09.271 INFO [main] org.apache.catalina.startup.VersionLoggerListener.log Server version name:   Apache Tomcat/9.0.38
24-Sep-2020 10:26:09.285 INFO [main] org.apache.catalina.startup.VersionLoggerListener.log Server built:          Sep 10 2020 08:20:30 UTC
24-Sep-2020 10:26:09.285 INFO [main] org.apache.catalina.startup.VersionLoggerListener.log Server version number: 9.0.38.0
24-Sep-2020 10:26:09.285 INFO [main] org.apache.catalina.startup.VersionLoggerListener.log OS Name:               Windows 10
24-Sep-2020 10:26:09.285 INFO [main] org.apache.catalina.startup.VersionLoggerListener.log OS Version:            10.0
24-Sep-2020 10:26:09.288 INFO [main] org.apache.catalina.startup.VersionLoggerListener.log Architecture:          amd64
24-Sep-2020 10:26:09.288 INFO [main] org.apache.catalina.startup.VersionLoggerListener.log Java Home:             C:\Program Files\Java\jdk-14.0.2
24-Sep-2020 10:26:09.288 INFO [main] org.apache.catalina.startup.VersionLoggerListener.log JVM Version:           14.0.2+12-46
24-Sep-2020 10:26:09.288 INFO [main] org.apache.catalina.startup.VersionLoggerListener.log JVM Vendor:            Oracle Corporation
24-Sep-2020 10:26:09.288 INFO [main] org.apache.catalina.startup.VersionLoggerListener.log CATALINA_BASE:         E:\C0620G1\module3\apache-tomcat-9.0.38
24-Sep-2020 10:26:09.288 INFO [main] org.apache.catalina.startup.VersionLoggerListener.log CATALINA_HOME:         E:\C0620G1\module3\apache-tomcat-9.0.38
24-Sep-2020 10:26:09.288 INFO [main] org.apache.catalina.startup.VersionLoggerListener.log Command line argument: --add-opens=java.base/java.lang=ALL-UNNAMED
24-Sep-2020 10:26:09.288 INFO [main] org.apache.catalina.startup.VersionLoggerListener.log Command line argument: --add-opens=java.base/java.io=ALL-UNNAMED
24-Sep-2020 10:26:09.288 INFO [main] org.apache.catalina.startup.VersionLoggerListener.log Command line argument: --add-opens=java.rmi/sun.rmi.transport=ALL-UNNAMED
24-Sep-2020 10:26:09.288 INFO [main] org.apache.catalina.startup.VersionLoggerListener.log Command line argument: -Djava.util.logging.config.file=E:/C0620G1/module3/apache-tomcat-9.0.38/conf/logging.properties
24-Sep-2020 10:26:09.288 INFO [main] org.apache.catalina.startup.VersionLoggerListener.log Command line argument: -Djava.util.logging.manager=org.apache.juli.ClassLoaderLogManager
24-Sep-2020 10:26:09.288 INFO [main] org.apache.catalina.startup.VersionLoggerListener.log Command line argument: -Djdk.tls.ephemeralDHKeySize=2048
24-Sep-2020 10:26:09.288 INFO [main] org.apache.catalina.startup.VersionLoggerListener.log Command line argument: -Djava.protocol.handler.pkgs=org.apache.catalina.webresources
24-Sep-2020 10:26:09.288 INFO [main] org.apache.catalina.startup.VersionLoggerListener.log Command line argument: -Dorg.apache.catalina.security.SecurityListener.UMASK=0027
24-Sep-2020 10:26:09.288 INFO [main] org.apache.catalina.startup.VersionLoggerListener.log Command line argument: -Dignore.endorsed.dirs=
24-Sep-2020 10:26:09.288 INFO [main] org.apache.catalina.startup.VersionLoggerListener.log Command line argument: -Dcatalina.base=E:/C0620G1/module3/apache-tomcat-9.0.38
24-Sep-2020 10:26:09.288 INFO [main] org.apache.catalina.startup.VersionLoggerListener.log Command line argument: -Dcatalina.home=E:/C0620G1/module3/apache-tomcat-9.0.38
24-Sep-2020 10:26:09.288 INFO [main] org.apache.catalina.startup.VersionLoggerListener.log Command line argument: -Djava.io.tmpdir=E:/C0620G1/module3/apache-tomcat-9.0.38/temp
24-Sep-2020 10:26:09.303 INFO [main] org.apache.catalina.core.AprLifecycleListener.lifecycleEvent Loaded Apache Tomcat Native library [1.2.25] using APR version [1.7.0].
24-Sep-2020 10:26:09.303 INFO [main] org.apache.catalina.core.AprLifecycleListener.lifecycleEvent APR capabilities: IPv6 [true], sendfile [true], accept filters [false], random [true].
24-Sep-2020 10:26:09.303 INFO [main] org.apache.catalina.core.AprLifecycleListener.lifecycleEvent APR/OpenSSL configuration: useAprConnector [false], useOpenSSL [true]
24-Sep-2020 10:26:09.303 INFO [main] org.apache.catalina.core.AprLifecycleListener.initializeSSL OpenSSL successfully initialized [OpenSSL 1.1.1g  21 Apr 2020]
24-Sep-2020 10:26:09.506 INFO [main] org.apache.coyote.AbstractProtocol.init Initializing ProtocolHandler ["http-nio-8080"]
24-Sep-2020 10:26:09.584 SEVERE [main] org.apache.catalina.util.LifecycleBase.handleSubClassException Failed to initialize component [Connector[HTTP/1.1-8080]]
	org.apache.catalina.LifecycleException: Protocol handler initialization failed
		at org.apache.catalina.connector.Connector.initInternal(Connector.java:1042)
		at org.apache.catalina.util.LifecycleBase.init(LifecycleBase.java:136)
		at org.apache.catalina.core.StandardService.initInternal(StandardService.java:533)
		at org.apache.catalina.util.LifecycleBase.init(LifecycleBase.java:136)
		at org.apache.catalina.core.StandardServer.initInternal(StandardServer.java:1057)
		at org.apache.catalina.util.LifecycleBase.init(LifecycleBase.java:136)
		at org.apache.catalina.startup.Catalina.load(Catalina.java:724)
		at org.apache.catalina.startup.Catalina.load(Catalina.java:746)
		at java.base/jdk.internal.reflect.NativeMethodAccessorImpl.invoke0(Native Method)
		at java.base/jdk.internal.reflect.NativeMethodAccessorImpl.invoke(NativeMethodAccessorImpl.java:62)
		at java.base/jdk.internal.reflect.DelegatingMethodAccessorImpl.invoke(DelegatingMethodAccessorImpl.java:43)
		at java.base/java.lang.reflect.Method.invoke(Method.java:564)
		at org.apache.catalina.startup.Bootstrap.load(Bootstrap.java:302)
		at org.apache.catalina.startup.Bootstrap.main(Bootstrap.java:472)
	Caused by: java.net.BindException: Address already in use: bind
		at java.base/sun.nio.ch.Net.bind0(Native Method)
		at java.base/sun.nio.ch.Net.bind(Net.java:479)
		at java.base/sun.nio.ch.Net.bind(Net.java:468)
		at java.base/sun.nio.ch.ServerSocketChannelImpl.bind(ServerSocketChannelImpl.java:220)
		at java.base/sun.nio.ch.ServerSocketAdaptor.bind(ServerSocketAdaptor.java:88)
		at org.apache.tomcat.util.net.NioEndpoint.initServerSocket(NioEndpoint.java:228)
		at org.apache.tomcat.util.net.NioEndpoint.bind(NioEndpoint.java:211)
		at org.apache.tomcat.util.net.AbstractEndpoint.bindWithCleanup(AbstractEndpoint.java:1141)
		at org.apache.tomcat.util.net.AbstractEndpoint.init(AbstractEndpoint.java:1154)
		at org.apache.coyote.AbstractProtocol.init(AbstractProtocol.java:581)
		at org.apache.coyote.http11.AbstractHttp11Protocol.init(AbstractHttp11Protocol.java:75)
		at org.apache.catalina.connector.Connector.initInternal(Connector.java:1039)
		... 13 more
24-Sep-2020 10:26:09.589 INFO [main] org.apache.catalina.startup.Catalina.load Server initialization in [442] milliseconds
24-Sep-2020 10:26:09.620 INFO [main] org.apache.catalina.core.StandardService.startInternal Starting service [Catalina]
24-Sep-2020 10:26:09.620 INFO [main] org.apache.catalina.core.StandardEngine.startInternal Starting Servlet engine: [Apache Tomcat/9.0.38]
24-Sep-2020 10:26:09.620 INFO [main] org.apache.catalina.startup.HostConfig.deployDirectory Deploying web application directory [E:\C0620G1\module3\apache-tomcat-9.0.38\webapps\docs]
24-Sep-2020 10:26:09.856 INFO [main] org.apache.catalina.startup.HostConfig.deployDirectory Deployment of web application directory [E:\C0620G1\module3\apache-tomcat-9.0.38\webapps\docs] has finished in [220] ms
24-Sep-2020 10:26:09.856 INFO [main] org.apache.catalina.startup.HostConfig.deployDirectory Deploying web application directory [E:\C0620G1\module3\apache-tomcat-9.0.38\webapps\examples]
24-Sep-2020 10:26:10.233 INFO [main] org.apache.catalina.startup.HostConfig.deployDirectory Deployment of web application directory [E:\C0620G1\module3\apache-tomcat-9.0.38\webapps\examples] has finished in [377] ms
24-Sep-2020 10:26:10.233 INFO [main] org.apache.catalina.startup.HostConfig.deployDirectory Deploying web application directory [E:\C0620G1\module3\apache-tomcat-9.0.38\webapps\host-manager]
24-Sep-2020 10:26:10.264 INFO [main] org.apache.catalina.startup.HostConfig.deployDirectory Deployment of web application directory [E:\C0620G1\module3\apache-tomcat-9.0.38\webapps\host-manager] has finished in [31] ms
24-Sep-2020 10:26:10.264 INFO [main] org.apache.catalina.startup.HostConfig.deployDirectory Deploying web application directory [E:\C0620G1\module3\apache-tomcat-9.0.38\webapps\manager]
24-Sep-2020 10:26:10.279 INFO [main] org.apache.catalina.startup.HostConfig.deployDirectory Deployment of web application directory [E:\C0620G1\module3\apache-tomcat-9.0.38\webapps\manager] has finished in [15] ms
24-Sep-2020 10:26:10.279 INFO [main] org.apache.catalina.startup.HostConfig.deployDirectory Deploying web application directory [E:\C0620G1\module3\apache-tomcat-9.0.38\webapps\ROOT]
24-Sep-2020 10:26:10.295 INFO [main] org.apache.catalina.startup.HostConfig.deployDirectory Deployment of web application directory [E:\C0620G1\module3\apache-tomcat-9.0.38\webapps\ROOT] has finished in [16] ms
24-Sep-2020 10:26:10.313 INFO [main] org.apache.catalina.startup.Catalina.start Server startup in [724] milliseconds
24-Sep-2020 10:26:10.313 SEVERE [main] org.apache.catalina.core.StandardServer.await Failed to create server shutdown socket on address [localhost] and port [8005] (base port [8005] and offset [0])
	java.net.BindException: Address already in use: bind
		at java.base/sun.nio.ch.Net.bind0(Native Method)
		at java.base/sun.nio.ch.Net.bind(Net.java:479)
		at java.base/sun.nio.ch.Net.bind(Net.java:468)
		at java.base/sun.nio.ch.NioSocketImpl.bind(NioSocketImpl.java:643)
		at java.base/java.net.ServerSocket.bind(ServerSocket.java:396)
		at java.base/java.net.ServerSocket.<init>(ServerSocket.java:282)
		at org.apache.catalina.core.StandardServer.await(StandardServer.java:584)
		at org.apache.catalina.startup.Catalina.await(Catalina.java:864)
		at org.apache.catalina.startup.Catalina.start(Catalina.java:810)
		at java.base/jdk.internal.reflect.NativeMethodAccessorImpl.invoke0(Native Method)
		at java.base/jdk.internal.reflect.NativeMethodAccessorImpl.invoke(NativeMethodAccessorImpl.java:62)
		at java.base/jdk.internal.reflect.DelegatingMethodAccessorImpl.invoke(DelegatingMethodAccessorImpl.java:43)
		at java.base/java.lang.reflect.Method.invoke(Method.java:564)
		at org.apache.catalina.startup.Bootstrap.start(Bootstrap.java:342)
		at org.apache.catalina.startup.Bootstrap.main(Bootstrap.java:473)
24-Sep-2020 10:26:10.313 INFO [main] org.apache.coyote.AbstractProtocol.pause Pausing ProtocolHandler ["http-nio-8080"]
24-Sep-2020 10:26:10.313 INFO [main] org.apache.catalina.core.StandardService.stopInternal Stopping service [Catalina]
24-Sep-2020 10:26:10.328 INFO [main] org.apache.coyote.AbstractProtocol.stop Stopping ProtocolHandler ["http-nio-8080"]
24-Sep-2020 10:26:10.328 INFO [main] org.apache.coyote.AbstractProtocol.destroy Destroying ProtocolHandler ["http-nio-8080"]
24-Sep-2020 10:26:16.773 INFO [main] org.apache.catalina.startup.VersionLoggerListener.log Server version name:   Apache Tomcat/9.0.38
24-Sep-2020 10:26:16.787 INFO [main] org.apache.catalina.startup.VersionLoggerListener.log Server built:          Sep 10 2020 08:20:30 UTC
24-Sep-2020 10:26:16.787 INFO [main] org.apache.catalina.startup.VersionLoggerListener.log Server version number: 9.0.38.0
24-Sep-2020 10:26:16.787 INFO [main] org.apache.catalina.startup.VersionLoggerListener.log OS Name:               Windows 10
24-Sep-2020 10:26:16.787 INFO [main] org.apache.catalina.startup.VersionLoggerListener.log OS Version:            10.0
24-Sep-2020 10:26:16.787 INFO [main] org.apache.catalina.startup.VersionLoggerListener.log Architecture:          amd64
24-Sep-2020 10:26:16.787 INFO [main] org.apache.catalina.startup.VersionLoggerListener.log Java Home:             C:\Program Files\Java\jdk-14.0.2
24-Sep-2020 10:26:16.787 INFO [main] org.apache.catalina.startup.VersionLoggerListener.log JVM Version:           14.0.2+12-46
24-Sep-2020 10:26:16.787 INFO [main] org.apache.catalina.startup.VersionLoggerListener.log JVM Vendor:            Oracle Corporation
24-Sep-2020 10:26:16.787 INFO [main] org.apache.catalina.startup.VersionLoggerListener.log CATALINA_BASE:         E:\C0620G1\module3\apache-tomcat-9.0.38
24-Sep-2020 10:26:16.787 INFO [main] org.apache.catalina.startup.VersionLoggerListener.log CATALINA_HOME:         E:\C0620G1\module3\apache-tomcat-9.0.38
24-Sep-2020 10:26:16.797 INFO [main] org.apache.catalina.startup.VersionLoggerListener.log Command line argument: --add-opens=java.base/java.lang=ALL-UNNAMED
24-Sep-2020 10:26:16.797 INFO [main] org.apache.catalina.startup.VersionLoggerListener.log Command line argument: --add-opens=java.base/java.io=ALL-UNNAMED
24-Sep-2020 10:26:16.797 INFO [main] org.apache.catalina.startup.VersionLoggerListener.log Command line argument: --add-opens=java.rmi/sun.rmi.transport=ALL-UNNAMED
24-Sep-2020 10:26:16.797 INFO [main] org.apache.catalina.startup.VersionLoggerListener.log Command line argument: -Djava.util.logging.config.file=E:/C0620G1/module3/apache-tomcat-9.0.38/conf/logging.properties
24-Sep-2020 10:26:16.797 INFO [main] org.apache.catalina.startup.VersionLoggerListener.log Command line argument: -Djava.util.logging.manager=org.apache.juli.ClassLoaderLogManager
24-Sep-2020 10:26:16.797 INFO [main] org.apache.catalina.startup.VersionLoggerListener.log Command line argument: -Djdk.tls.ephemeralDHKeySize=2048
24-Sep-2020 10:26:16.797 INFO [main] org.apache.catalina.startup.VersionLoggerListener.log Command line argument: -Djava.protocol.handler.pkgs=org.apache.catalina.webresources
24-Sep-2020 10:26:16.797 INFO [main] org.apache.catalina.startup.VersionLoggerListener.log Command line argument: -Dorg.apache.catalina.security.SecurityListener.UMASK=0027
24-Sep-2020 10:26:16.797 INFO [main] org.apache.catalina.startup.VersionLoggerListener.log Command line argument: -Dignore.endorsed.dirs=
24-Sep-2020 10:26:16.797 INFO [main] org.apache.catalina.startup.VersionLoggerListener.log Command line argument: -Dcatalina.base=E:/C0620G1/module3/apache-tomcat-9.0.38
24-Sep-2020 10:26:16.797 INFO [main] org.apache.catalina.startup.VersionLoggerListener.log Command line argument: -Dcatalina.home=E:/C0620G1/module3/apache-tomcat-9.0.38
24-Sep-2020 10:26:16.797 INFO [main] org.apache.catalina.startup.VersionLoggerListener.log Command line argument: -Djava.io.tmpdir=E:/C0620G1/module3/apache-tomcat-9.0.38/temp
24-Sep-2020 10:26:16.797 INFO [main] org.apache.catalina.core.AprLifecycleListener.lifecycleEvent Loaded Apache Tomcat Native library [1.2.25] using APR version [1.7.0].
24-Sep-2020 10:26:16.797 INFO [main] org.apache.catalina.core.AprLifecycleListener.lifecycleEvent APR capabilities: IPv6 [true], sendfile [true], accept filters [false], random [true].
24-Sep-2020 10:26:16.797 INFO [main] org.apache.catalina.core.AprLifecycleListener.lifecycleEvent APR/OpenSSL configuration: useAprConnector [false], useOpenSSL [true]
24-Sep-2020 10:26:16.797 INFO [main] org.apache.catalina.core.AprLifecycleListener.initializeSSL OpenSSL successfully initialized [OpenSSL 1.1.1g  21 Apr 2020]
24-Sep-2020 10:26:17.001 INFO [main] org.apache.coyote.AbstractProtocol.init Initializing ProtocolHandler ["http-nio-8080"]
24-Sep-2020 10:26:17.048 SEVERE [main] org.apache.catalina.util.LifecycleBase.handleSubClassException Failed to initialize component [Connector[HTTP/1.1-8080]]
	org.apache.catalina.LifecycleException: Protocol handler initialization failed
		at org.apache.catalina.connector.Connector.initInternal(Connector.java:1042)
		at org.apache.catalina.util.LifecycleBase.init(LifecycleBase.java:136)
		at org.apache.catalina.core.StandardService.initInternal(StandardService.java:533)
		at org.apache.catalina.util.LifecycleBase.init(LifecycleBase.java:136)
		at org.apache.catalina.core.StandardServer.initInternal(StandardServer.java:1057)
		at org.apache.catalina.util.LifecycleBase.init(LifecycleBase.java:136)
		at org.apache.catalina.startup.Catalina.load(Catalina.java:724)
		at org.apache.catalina.startup.Catalina.load(Catalina.java:746)
		at java.base/jdk.internal.reflect.NativeMethodAccessorImpl.invoke0(Native Method)
		at java.base/jdk.internal.reflect.NativeMethodAccessorImpl.invoke(NativeMethodAccessorImpl.java:62)
		at java.base/jdk.internal.reflect.DelegatingMethodAccessorImpl.invoke(DelegatingMethodAccessorImpl.java:43)
		at java.base/java.lang.reflect.Method.invoke(Method.java:564)
		at org.apache.catalina.startup.Bootstrap.load(Bootstrap.java:302)
		at org.apache.catalina.startup.Bootstrap.main(Bootstrap.java:472)
	Caused by: java.net.BindException: Address already in use: bind
		at java.base/sun.nio.ch.Net.bind0(Native Method)
		at java.base/sun.nio.ch.Net.bind(Net.java:479)
		at java.base/sun.nio.ch.Net.bind(Net.java:468)
		at java.base/sun.nio.ch.ServerSocketChannelImpl.bind(ServerSocketChannelImpl.java:220)
		at java.base/sun.nio.ch.ServerSocketAdaptor.bind(ServerSocketAdaptor.java:88)
		at org.apache.tomcat.util.net.NioEndpoint.initServerSocket(NioEndpoint.java:228)
		at org.apache.tomcat.util.net.NioEndpoint.bind(NioEndpoint.java:211)
		at org.apache.tomcat.util.net.AbstractEndpoint.bindWithCleanup(AbstractEndpoint.java:1141)
		at org.apache.tomcat.util.net.AbstractEndpoint.init(AbstractEndpoint.java:1154)
		at org.apache.coyote.AbstractProtocol.init(AbstractProtocol.java:581)
		at org.apache.coyote.http11.AbstractHttp11Protocol.init(AbstractHttp11Protocol.java:75)
		at org.apache.catalina.connector.Connector.initInternal(Connector.java:1039)
		... 13 more
24-Sep-2020 10:26:17.064 INFO [main] org.apache.catalina.startup.Catalina.load Server initialization in [425] milliseconds
24-Sep-2020 10:26:17.079 INFO [main] org.apache.catalina.core.StandardService.startInternal Starting service [Catalina]
24-Sep-2020 10:26:17.079 INFO [main] org.apache.catalina.core.StandardEngine.startInternal Starting Servlet engine: [Apache Tomcat/9.0.38]
24-Sep-2020 10:26:17.079 INFO [main] org.apache.catalina.startup.HostConfig.deployDirectory Deploying web application directory [E:\C0620G1\module3\apache-tomcat-9.0.38\webapps\docs]
24-Sep-2020 10:26:17.282 INFO [main] org.apache.catalina.startup.HostConfig.deployDirectory Deployment of web application directory [E:\C0620G1\module3\apache-tomcat-9.0.38\webapps\docs] has finished in [203] ms
24-Sep-2020 10:26:17.282 INFO [main] org.apache.catalina.startup.HostConfig.deployDirectory Deploying web application directory [E:\C0620G1\module3\apache-tomcat-9.0.38\webapps\examples]
24-Sep-2020 10:26:17.548 INFO [main] org.apache.catalina.startup.HostConfig.deployDirectory Deployment of web application directory [E:\C0620G1\module3\apache-tomcat-9.0.38\webapps\examples] has finished in [266] ms
24-Sep-2020 10:26:17.548 INFO [main] org.apache.catalina.startup.HostConfig.deployDirectory Deploying web application directory [E:\C0620G1\module3\apache-tomcat-9.0.38\webapps\host-manager]
24-Sep-2020 10:26:17.564 INFO [main] org.apache.catalina.startup.HostConfig.deployDirectory Deployment of web application directory [E:\C0620G1\module3\apache-tomcat-9.0.38\webapps\host-manager] has finished in [16] ms
24-Sep-2020 10:26:17.564 INFO [main] org.apache.catalina.startup.HostConfig.deployDirectory Deploying web application directory [E:\C0620G1\module3\apache-tomcat-9.0.38\webapps\manager]
24-Sep-2020 10:26:17.579 INFO [main] org.apache.catalina.startup.HostConfig.deployDirectory Deployment of web application directory [E:\C0620G1\module3\apache-tomcat-9.0.38\webapps\manager] has finished in [15] ms
24-Sep-2020 10:26:17.579 INFO [main] org.apache.catalina.startup.HostConfig.deployDirectory Deploying web application directory [E:\C0620G1\module3\apache-tomcat-9.0.38\webapps\ROOT]
24-Sep-2020 10:26:17.595 INFO [main] org.apache.catalina.startup.HostConfig.deployDirectory Deployment of web application directory [E:\C0620G1\module3\apache-tomcat-9.0.38\webapps\ROOT] has finished in [16] ms
24-Sep-2020 10:26:17.610 INFO [main] org.apache.catalina.startup.Catalina.start Server startup in [546] milliseconds
24-Sep-2020 10:26:17.610 SEVERE [main] org.apache.catalina.core.StandardServer.await Failed to create server shutdown socket on address [localhost] and port [8005] (base port [8005] and offset [0])
	java.net.BindException: Address already in use: bind
		at java.base/sun.nio.ch.Net.bind0(Native Method)
		at java.base/sun.nio.ch.Net.bind(Net.java:479)
		at java.base/sun.nio.ch.Net.bind(Net.java:468)
		at java.base/sun.nio.ch.NioSocketImpl.bind(NioSocketImpl.java:643)
		at java.base/java.net.ServerSocket.bind(ServerSocket.java:396)
		at java.base/java.net.ServerSocket.<init>(ServerSocket.java:282)
		at org.apache.catalina.core.StandardServer.await(StandardServer.java:584)
		at org.apache.catalina.startup.Catalina.await(Catalina.java:864)
		at org.apache.catalina.startup.Catalina.start(Catalina.java:810)
		at java.base/jdk.internal.reflect.NativeMethodAccessorImpl.invoke0(Native Method)
		at java.base/jdk.internal.reflect.NativeMethodAccessorImpl.invoke(NativeMethodAccessorImpl.java:62)
		at java.base/jdk.internal.reflect.DelegatingMethodAccessorImpl.invoke(DelegatingMethodAccessorImpl.java:43)
		at java.base/java.lang.reflect.Method.invoke(Method.java:564)
		at org.apache.catalina.startup.Bootstrap.start(Bootstrap.java:342)
		at org.apache.catalina.startup.Bootstrap.main(Bootstrap.java:473)
24-Sep-2020 10:26:17.610 INFO [main] org.apache.coyote.AbstractProtocol.pause Pausing ProtocolHandler ["http-nio-8080"]
24-Sep-2020 10:26:17.610 INFO [main] org.apache.catalina.core.StandardService.stopInternal Stopping service [Catalina]
24-Sep-2020 10:26:17.626 INFO [main] org.apache.coyote.AbstractProtocol.stop Stopping ProtocolHandler ["http-nio-8080"]
24-Sep-2020 10:26:17.626 INFO [main] org.apache.coyote.AbstractProtocol.destroy Destroying ProtocolHandler ["http-nio-8080"]
